{
  "stats": {
    "suites": 20,
    "tests": 27,
    "passes": 27,
    "pending": 0,
    "failures": 0,
    "start": "2025-04-17T13:24:38.187Z",
    "end": "2025-04-17T13:24:38.255Z",
    "duration": 68,
    "testsRegistered": 27,
    "passPercent": 100,
    "pendingPercent": 0,
    "other": 0,
    "hasOther": false,
    "skipped": 0,
    "hasSkipped": false
  },
  "results": [
    {
      "uuid": "64508dbf-cc18-419c-9e49-d9bbe70248d5",
      "title": "",
      "fullFile": "",
      "file": "",
      "beforeHooks": [],
      "afterHooks": [],
      "tests": [],
      "suites": [
        {
          "uuid": "3f006034-b598-46b3-b354-c8a0bf0637b3",
          "title": "Array Utils",
          "fullFile": "C:\\Юнит Тестинг\\unit-tests-practice\\test\\arrayUtils.test.js",
          "file": "\\test\\arrayUtils.test.js",
          "beforeHooks": [],
          "afterHooks": [],
          "tests": [],
          "suites": [
            {
              "uuid": "3afffbcc-610e-49e1-ae92-6c0343be153c",
              "title": "findMax",
              "fullFile": "C:\\Юнит Тестинг\\unit-tests-practice\\test\\arrayUtils.test.js",
              "file": "\\test\\arrayUtils.test.js",
              "beforeHooks": [],
              "afterHooks": [],
              "tests": [
                {
                  "title": "находит максимальное число",
                  "fullTitle": "Array Utils findMax находит максимальное число",
                  "timedOut": false,
                  "duration": 1,
                  "state": "passed",
                  "speed": "fast",
                  "pass": true,
                  "fail": false,
                  "pending": false,
                  "context": null,
                  "code": "expect(findMax([1, 5, 10])).to.equal(10);",
                  "err": {},
                  "uuid": "b29ef996-e738-48a3-99b6-e20527cc4fe8",
                  "parentUUID": "3afffbcc-610e-49e1-ae92-6c0343be153c",
                  "isHook": false,
                  "skipped": false
                },
                {
                  "title": "ошибка, если не массив",
                  "fullTitle": "Array Utils findMax ошибка, если не массив",
                  "timedOut": false,
                  "duration": 1,
                  "state": "passed",
                  "speed": "fast",
                  "pass": true,
                  "fail": false,
                  "pending": false,
                  "context": null,
                  "code": "expect(() => findMax(\"123\")).to.throw();",
                  "err": {},
                  "uuid": "4c9787cd-0265-4d1a-80e8-acbbbbe2646c",
                  "parentUUID": "3afffbcc-610e-49e1-ae92-6c0343be153c",
                  "isHook": false,
                  "skipped": false
                }
              ],
              "suites": [],
              "passes": [
                "b29ef996-e738-48a3-99b6-e20527cc4fe8",
                "4c9787cd-0265-4d1a-80e8-acbbbbe2646c"
              ],
              "failures": [],
              "pending": [],
              "skipped": [],
              "duration": 2,
              "root": false,
              "rootEmpty": false,
              "_timeout": 2000
            },
            {
              "uuid": "ebff59c2-6ae6-47e2-b8a2-87b49c865482",
              "title": "findMin",
              "fullFile": "C:\\Юнит Тестинг\\unit-tests-practice\\test\\arrayUtils.test.js",
              "file": "\\test\\arrayUtils.test.js",
              "beforeHooks": [],
              "afterHooks": [],
              "tests": [
                {
                  "title": "находит минимальное число",
                  "fullTitle": "Array Utils findMin находит минимальное число",
                  "timedOut": false,
                  "duration": 0,
                  "state": "passed",
                  "speed": "fast",
                  "pass": true,
                  "fail": false,
                  "pending": false,
                  "context": null,
                  "code": "expect(findMin([3, -2, 5])).to.equal(-2);",
                  "err": {},
                  "uuid": "6a1d3edc-57f5-4ce4-9bc7-6a2377b62d73",
                  "parentUUID": "ebff59c2-6ae6-47e2-b8a2-87b49c865482",
                  "isHook": false,
                  "skipped": false
                }
              ],
              "suites": [],
              "passes": [
                "6a1d3edc-57f5-4ce4-9bc7-6a2377b62d73"
              ],
              "failures": [],
              "pending": [],
              "skipped": [],
              "duration": 0,
              "root": false,
              "rootEmpty": false,
              "_timeout": 2000
            },
            {
              "uuid": "3818259c-4922-4276-ada3-aae1710a28d8",
              "title": "removeDuplicates",
              "fullFile": "C:\\Юнит Тестинг\\unit-tests-practice\\test\\arrayUtils.test.js",
              "file": "\\test\\arrayUtils.test.js",
              "beforeHooks": [],
              "afterHooks": [],
              "tests": [
                {
                  "title": "удаляет дубликаты",
                  "fullTitle": "Array Utils removeDuplicates удаляет дубликаты",
                  "timedOut": false,
                  "duration": 1,
                  "state": "passed",
                  "speed": "fast",
                  "pass": true,
                  "fail": false,
                  "pending": false,
                  "context": null,
                  "code": "expect(removeDuplicates([1, 2, 2, 3])).to.deep.equal([1, 2, 3]);",
                  "err": {},
                  "uuid": "a9ce6a3f-ab91-4a1d-b2a3-3fa4d8f4635c",
                  "parentUUID": "3818259c-4922-4276-ada3-aae1710a28d8",
                  "isHook": false,
                  "skipped": false
                }
              ],
              "suites": [],
              "passes": [
                "a9ce6a3f-ab91-4a1d-b2a3-3fa4d8f4635c"
              ],
              "failures": [],
              "pending": [],
              "skipped": [],
              "duration": 1,
              "root": false,
              "rootEmpty": false,
              "_timeout": 2000
            }
          ],
          "passes": [],
          "failures": [],
          "pending": [],
          "skipped": [],
          "duration": 0,
          "root": false,
          "rootEmpty": false,
          "_timeout": 2000
        },
        {
          "uuid": "d050235d-7c94-42f9-88eb-65a78ef598b9",
          "title": "Math Utils",
          "fullFile": "C:\\Юнит Тестинг\\unit-tests-practice\\test\\mathUtils.test.js",
          "file": "\\test\\mathUtils.test.js",
          "beforeHooks": [],
          "afterHooks": [],
          "tests": [],
          "suites": [
            {
              "uuid": "cfbc7a40-6cf2-411f-88f2-566044c0e469",
              "title": "add",
              "fullFile": "C:\\Юнит Тестинг\\unit-tests-practice\\test\\mathUtils.test.js",
              "file": "\\test\\mathUtils.test.js",
              "beforeHooks": [],
              "afterHooks": [],
              "tests": [
                {
                  "title": "возвращает сумму двух чисел",
                  "fullTitle": "Math Utils add возвращает сумму двух чисел",
                  "timedOut": false,
                  "duration": 1,
                  "state": "passed",
                  "speed": "fast",
                  "pass": true,
                  "fail": false,
                  "pending": false,
                  "context": null,
                  "code": "expect(add(2, 3)).to.equal(5);",
                  "err": {},
                  "uuid": "32d165e9-c9d6-4e81-98dd-f5fba6b0d33d",
                  "parentUUID": "cfbc7a40-6cf2-411f-88f2-566044c0e469",
                  "isHook": false,
                  "skipped": false
                },
                {
                  "title": "работает с отрицательными числами",
                  "fullTitle": "Math Utils add работает с отрицательными числами",
                  "timedOut": false,
                  "duration": 0,
                  "state": "passed",
                  "speed": "fast",
                  "pass": true,
                  "fail": false,
                  "pending": false,
                  "context": null,
                  "code": "expect(add(-4, 6)).to.equal(2);",
                  "err": {},
                  "uuid": "1a28cbad-b664-407f-8b32-0845df67a5fb",
                  "parentUUID": "cfbc7a40-6cf2-411f-88f2-566044c0e469",
                  "isHook": false,
                  "skipped": false
                }
              ],
              "suites": [],
              "passes": [
                "32d165e9-c9d6-4e81-98dd-f5fba6b0d33d",
                "1a28cbad-b664-407f-8b32-0845df67a5fb"
              ],
              "failures": [],
              "pending": [],
              "skipped": [],
              "duration": 1,
              "root": false,
              "rootEmpty": false,
              "_timeout": 2000
            },
            {
              "uuid": "f10b06ff-80a1-4a8e-b23a-342cdc712340",
              "title": "subtract",
              "fullFile": "C:\\Юнит Тестинг\\unit-tests-practice\\test\\mathUtils.test.js",
              "file": "\\test\\mathUtils.test.js",
              "beforeHooks": [],
              "afterHooks": [],
              "tests": [
                {
                  "title": "возвращает разность двух чисел",
                  "fullTitle": "Math Utils subtract возвращает разность двух чисел",
                  "timedOut": false,
                  "duration": 1,
                  "state": "passed",
                  "speed": "fast",
                  "pass": true,
                  "fail": false,
                  "pending": false,
                  "context": null,
                  "code": "expect(subtract(7, 2)).to.equal(5);",
                  "err": {},
                  "uuid": "35d9ea80-11f9-425e-ac06-40f88dd7ff71",
                  "parentUUID": "f10b06ff-80a1-4a8e-b23a-342cdc712340",
                  "isHook": false,
                  "skipped": false
                }
              ],
              "suites": [],
              "passes": [
                "35d9ea80-11f9-425e-ac06-40f88dd7ff71"
              ],
              "failures": [],
              "pending": [],
              "skipped": [],
              "duration": 1,
              "root": false,
              "rootEmpty": false,
              "_timeout": 2000
            },
            {
              "uuid": "3761faef-d9b4-4d72-8fb6-ca5ff6ac6eb5",
              "title": "multiply",
              "fullFile": "C:\\Юнит Тестинг\\unit-tests-practice\\test\\mathUtils.test.js",
              "file": "\\test\\mathUtils.test.js",
              "beforeHooks": [],
              "afterHooks": [],
              "tests": [
                {
                  "title": "возвращает произведение двух чисел",
                  "fullTitle": "Math Utils multiply возвращает произведение двух чисел",
                  "timedOut": false,
                  "duration": 0,
                  "state": "passed",
                  "speed": "fast",
                  "pass": true,
                  "fail": false,
                  "pending": false,
                  "context": null,
                  "code": "expect(multiply(3, 4)).to.equal(12);",
                  "err": {},
                  "uuid": "e2f5c69e-5494-449d-89cc-e190cdc0a41d",
                  "parentUUID": "3761faef-d9b4-4d72-8fb6-ca5ff6ac6eb5",
                  "isHook": false,
                  "skipped": false
                }
              ],
              "suites": [],
              "passes": [
                "e2f5c69e-5494-449d-89cc-e190cdc0a41d"
              ],
              "failures": [],
              "pending": [],
              "skipped": [],
              "duration": 0,
              "root": false,
              "rootEmpty": false,
              "_timeout": 2000
            },
            {
              "uuid": "9e2948a5-c185-4ce6-9c66-58417871d3bf",
              "title": "divide",
              "fullFile": "C:\\Юнит Тестинг\\unit-tests-practice\\test\\mathUtils.test.js",
              "file": "\\test\\mathUtils.test.js",
              "beforeHooks": [],
              "afterHooks": [],
              "tests": [
                {
                  "title": "делит два числа",
                  "fullTitle": "Math Utils divide делит два числа",
                  "timedOut": false,
                  "duration": 0,
                  "state": "passed",
                  "speed": "fast",
                  "pass": true,
                  "fail": false,
                  "pending": false,
                  "context": null,
                  "code": "expect(divide(10, 2)).to.equal(5);",
                  "err": {},
                  "uuid": "2ffef1a2-304b-45ec-93db-4287bcbb9a41",
                  "parentUUID": "9e2948a5-c185-4ce6-9c66-58417871d3bf",
                  "isHook": false,
                  "skipped": false
                },
                {
                  "title": "выбрасывает ошибку при делении на 0",
                  "fullTitle": "Math Utils divide выбрасывает ошибку при делении на 0",
                  "timedOut": false,
                  "duration": 1,
                  "state": "passed",
                  "speed": "fast",
                  "pass": true,
                  "fail": false,
                  "pending": false,
                  "context": null,
                  "code": "expect(() => divide(5, 0)).to.throw(\"Cannot divide by zero\");",
                  "err": {},
                  "uuid": "1f678eb6-191c-4c03-a9e2-e7f5ac847df3",
                  "parentUUID": "9e2948a5-c185-4ce6-9c66-58417871d3bf",
                  "isHook": false,
                  "skipped": false
                }
              ],
              "suites": [],
              "passes": [
                "2ffef1a2-304b-45ec-93db-4287bcbb9a41",
                "1f678eb6-191c-4c03-a9e2-e7f5ac847df3"
              ],
              "failures": [],
              "pending": [],
              "skipped": [],
              "duration": 1,
              "root": false,
              "rootEmpty": false,
              "_timeout": 2000
            }
          ],
          "passes": [],
          "failures": [],
          "pending": [],
          "skipped": [],
          "duration": 0,
          "root": false,
          "rootEmpty": false,
          "_timeout": 2000
        },
        {
          "uuid": "39da98bb-b3f5-4b31-9f6e-a80ff1cfcf11",
          "title": "String Utils",
          "fullFile": "C:\\Юнит Тестинг\\unit-tests-practice\\test\\stringUtils.test.js",
          "file": "\\test\\stringUtils.test.js",
          "beforeHooks": [],
          "afterHooks": [],
          "tests": [],
          "suites": [
            {
              "uuid": "9fe60d0e-a688-4c4b-8604-ff5f043b7a26",
              "title": "capitalize",
              "fullFile": "C:\\Юнит Тестинг\\unit-tests-practice\\test\\stringUtils.test.js",
              "file": "\\test\\stringUtils.test.js",
              "beforeHooks": [],
              "afterHooks": [],
              "tests": [
                {
                  "title": "делает первую букву заглавной",
                  "fullTitle": "String Utils capitalize делает первую букву заглавной",
                  "timedOut": false,
                  "duration": 0,
                  "state": "passed",
                  "speed": "fast",
                  "pass": true,
                  "fail": false,
                  "pending": false,
                  "context": null,
                  "code": "expect(capitalize(\"hello\")).to.equal(\"Hello\");",
                  "err": {},
                  "uuid": "8ea9d360-be55-4eb0-884f-5bd7d9f3ec27",
                  "parentUUID": "9fe60d0e-a688-4c4b-8604-ff5f043b7a26",
                  "isHook": false,
                  "skipped": false
                },
                {
                  "title": "ошибка, если не строка",
                  "fullTitle": "String Utils capitalize ошибка, если не строка",
                  "timedOut": false,
                  "duration": 1,
                  "state": "passed",
                  "speed": "fast",
                  "pass": true,
                  "fail": false,
                  "pending": false,
                  "context": null,
                  "code": "expect(() => capitalize(123)).to.throw(\"Input must be a string\");",
                  "err": {},
                  "uuid": "649f72a3-75fb-47c1-9a26-6b173959f445",
                  "parentUUID": "9fe60d0e-a688-4c4b-8604-ff5f043b7a26",
                  "isHook": false,
                  "skipped": false
                }
              ],
              "suites": [],
              "passes": [
                "8ea9d360-be55-4eb0-884f-5bd7d9f3ec27",
                "649f72a3-75fb-47c1-9a26-6b173959f445"
              ],
              "failures": [],
              "pending": [],
              "skipped": [],
              "duration": 1,
              "root": false,
              "rootEmpty": false,
              "_timeout": 2000
            },
            {
              "uuid": "f372a741-2ab8-4521-b455-2ebc312f2fc5",
              "title": "reverseString",
              "fullFile": "C:\\Юнит Тестинг\\unit-tests-practice\\test\\stringUtils.test.js",
              "file": "\\test\\stringUtils.test.js",
              "beforeHooks": [],
              "afterHooks": [],
              "tests": [
                {
                  "title": "разворачивает строку",
                  "fullTitle": "String Utils reverseString разворачивает строку",
                  "timedOut": false,
                  "duration": 0,
                  "state": "passed",
                  "speed": "fast",
                  "pass": true,
                  "fail": false,
                  "pending": false,
                  "context": null,
                  "code": "expect(reverseString(\"abc\")).to.equal(\"cba\");",
                  "err": {},
                  "uuid": "bfaabd9d-4017-4168-9c85-8da8c74d97b8",
                  "parentUUID": "f372a741-2ab8-4521-b455-2ebc312f2fc5",
                  "isHook": false,
                  "skipped": false
                },
                {
                  "title": "ошибка, если не строка",
                  "fullTitle": "String Utils reverseString ошибка, если не строка",
                  "timedOut": false,
                  "duration": 1,
                  "state": "passed",
                  "speed": "fast",
                  "pass": true,
                  "fail": false,
                  "pending": false,
                  "context": null,
                  "code": "expect(() => reverseString(null)).to.throw(\"Input must be a string\");",
                  "err": {},
                  "uuid": "c7faa9b1-77c9-4e80-9070-071f2ab4f1c2",
                  "parentUUID": "f372a741-2ab8-4521-b455-2ebc312f2fc5",
                  "isHook": false,
                  "skipped": false
                }
              ],
              "suites": [],
              "passes": [
                "bfaabd9d-4017-4168-9c85-8da8c74d97b8",
                "c7faa9b1-77c9-4e80-9070-071f2ab4f1c2"
              ],
              "failures": [],
              "pending": [],
              "skipped": [],
              "duration": 1,
              "root": false,
              "rootEmpty": false,
              "_timeout": 2000
            },
            {
              "uuid": "0069653c-ff28-462b-9499-caec6021ed69",
              "title": "isPalindrome",
              "fullFile": "C:\\Юнит Тестинг\\unit-tests-practice\\test\\stringUtils.test.js",
              "file": "\\test\\stringUtils.test.js",
              "beforeHooks": [],
              "afterHooks": [],
              "tests": [
                {
                  "title": "true для палиндрома",
                  "fullTitle": "String Utils isPalindrome true для палиндрома",
                  "timedOut": false,
                  "duration": 1,
                  "state": "passed",
                  "speed": "fast",
                  "pass": true,
                  "fail": false,
                  "pending": false,
                  "context": null,
                  "code": "expect(isPalindrome(\"madam\")).to.be.true;",
                  "err": {},
                  "uuid": "eac56c42-127e-423e-9b9c-b223841525dc",
                  "parentUUID": "0069653c-ff28-462b-9499-caec6021ed69",
                  "isHook": false,
                  "skipped": false
                },
                {
                  "title": "false для обычной строки",
                  "fullTitle": "String Utils isPalindrome false для обычной строки",
                  "timedOut": false,
                  "duration": 0,
                  "state": "passed",
                  "speed": "fast",
                  "pass": true,
                  "fail": false,
                  "pending": false,
                  "context": null,
                  "code": "expect(isPalindrome(\"hello\")).to.be.false;",
                  "err": {},
                  "uuid": "910fe3ac-f647-4531-895e-0bb03ce45ed6",
                  "parentUUID": "0069653c-ff28-462b-9499-caec6021ed69",
                  "isHook": false,
                  "skipped": false
                },
                {
                  "title": "ошибка, если не строка",
                  "fullTitle": "String Utils isPalindrome ошибка, если не строка",
                  "timedOut": false,
                  "duration": 0,
                  "state": "passed",
                  "speed": "fast",
                  "pass": true,
                  "fail": false,
                  "pending": false,
                  "context": null,
                  "code": "expect(() => isPalindrome({})).to.throw(\"Input must be a string\");",
                  "err": {},
                  "uuid": "f0a3bbcb-2d39-4630-95cd-2d461ddacb28",
                  "parentUUID": "0069653c-ff28-462b-9499-caec6021ed69",
                  "isHook": false,
                  "skipped": false
                }
              ],
              "suites": [],
              "passes": [
                "eac56c42-127e-423e-9b9c-b223841525dc",
                "910fe3ac-f647-4531-895e-0bb03ce45ed6",
                "f0a3bbcb-2d39-4630-95cd-2d461ddacb28"
              ],
              "failures": [],
              "pending": [],
              "skipped": [],
              "duration": 1,
              "root": false,
              "rootEmpty": false,
              "_timeout": 2000
            }
          ],
          "passes": [],
          "failures": [],
          "pending": [],
          "skipped": [],
          "duration": 0,
          "root": false,
          "rootEmpty": false,
          "_timeout": 2000
        },
        {
          "uuid": "e562ff5c-0326-4a38-909d-8e5e6096a726",
          "title": "Student Knowledge Checker",
          "fullFile": "C:\\Юнит Тестинг\\unit-tests-practice\\test\\studentKnowledgeChecker.test.js",
          "file": "\\test\\studentKnowledgeChecker.test.js",
          "beforeHooks": [],
          "afterHooks": [],
          "tests": [],
          "suites": [
            {
              "uuid": "1b055298-67f4-4352-a5bb-b0704fc9099e",
              "title": "checkStudentKnowledge",
              "fullFile": "C:\\Юнит Тестинг\\unit-tests-practice\\test\\studentKnowledgeChecker.test.js",
              "file": "\\test\\studentKnowledgeChecker.test.js",
              "beforeHooks": [],
              "afterHooks": [],
              "tests": [
                {
                  "title": "возвращает true если все ответы совпадают",
                  "fullTitle": "Student Knowledge Checker checkStudentKnowledge возвращает true если все ответы совпадают",
                  "timedOut": false,
                  "duration": 0,
                  "state": "passed",
                  "speed": "fast",
                  "pass": true,
                  "fail": false,
                  "pending": false,
                  "context": null,
                  "code": "const student = { q1: \"a\", q2: \"b\" };\nconst correct = { q1: \"a\", q2: \"b\" };\nexpect(checkStudentKnowledge(student, correct)).to.be.true;",
                  "err": {},
                  "uuid": "8131f36f-c55b-413a-8a03-e286ec6d3703",
                  "parentUUID": "1b055298-67f4-4352-a5bb-b0704fc9099e",
                  "isHook": false,
                  "skipped": false
                },
                {
                  "title": "false если хоть один ответ неверный",
                  "fullTitle": "Student Knowledge Checker checkStudentKnowledge false если хоть один ответ неверный",
                  "timedOut": false,
                  "duration": 0,
                  "state": "passed",
                  "speed": "fast",
                  "pass": true,
                  "fail": false,
                  "pending": false,
                  "context": null,
                  "code": "const student = { q1: \"a\", q2: \"c\" };\nconst correct = { q1: \"a\", q2: \"b\" };\nexpect(checkStudentKnowledge(student, correct)).to.be.false;",
                  "err": {},
                  "uuid": "178cb3a4-7504-4e7d-afb0-0177558b51ae",
                  "parentUUID": "1b055298-67f4-4352-a5bb-b0704fc9099e",
                  "isHook": false,
                  "skipped": false
                },
                {
                  "title": "false если порядок ключей разный",
                  "fullTitle": "Student Knowledge Checker checkStudentKnowledge false если порядок ключей разный",
                  "timedOut": false,
                  "duration": 0,
                  "state": "passed",
                  "speed": "fast",
                  "pass": true,
                  "fail": false,
                  "pending": false,
                  "context": null,
                  "code": "const student = { q2: \"b\", q1: \"a\" };\nconst correct = { q1: \"a\", q2: \"b\" };\nexpect(checkStudentKnowledge(student, correct)).to.be.false;",
                  "err": {},
                  "uuid": "b89101a0-1d3e-4557-af79-af520717d711",
                  "parentUUID": "1b055298-67f4-4352-a5bb-b0704fc9099e",
                  "isHook": false,
                  "skipped": false
                },
                {
                  "title": "false если количество ключей разное",
                  "fullTitle": "Student Knowledge Checker checkStudentKnowledge false если количество ключей разное",
                  "timedOut": false,
                  "duration": 0,
                  "state": "passed",
                  "speed": "fast",
                  "pass": true,
                  "fail": false,
                  "pending": false,
                  "context": null,
                  "code": "const student = { q1: \"a\" };\nconst correct = { q1: \"a\", q2: \"b\" };\nexpect(checkStudentKnowledge(student, correct)).to.be.false;",
                  "err": {},
                  "uuid": "29b67917-a370-4c21-87d8-83c7ddde05d9",
                  "parentUUID": "1b055298-67f4-4352-a5bb-b0704fc9099e",
                  "isHook": false,
                  "skipped": false
                }
              ],
              "suites": [],
              "passes": [
                "8131f36f-c55b-413a-8a03-e286ec6d3703",
                "178cb3a4-7504-4e7d-afb0-0177558b51ae",
                "b89101a0-1d3e-4557-af79-af520717d711",
                "29b67917-a370-4c21-87d8-83c7ddde05d9"
              ],
              "failures": [],
              "pending": [],
              "skipped": [],
              "duration": 0,
              "root": false,
              "rootEmpty": false,
              "_timeout": 2000
            }
          ],
          "passes": [],
          "failures": [],
          "pending": [],
          "skipped": [],
          "duration": 0,
          "root": false,
          "rootEmpty": false,
          "_timeout": 2000
        },
        {
          "uuid": "ecbf08b6-1b3f-4bf3-9a4b-f9a789b1b853",
          "title": "Users List Utils",
          "fullFile": "C:\\Юнит Тестинг\\unit-tests-practice\\test\\usersListUtils.test.js",
          "file": "\\test\\usersListUtils.test.js",
          "beforeHooks": [],
          "afterHooks": [],
          "tests": [],
          "suites": [
            {
              "uuid": "475cf48e-f8d0-4a7d-af49-3eccbc7aebaa",
              "title": "filterUsersByAge",
              "fullFile": "C:\\Юнит Тестинг\\unit-tests-practice\\test\\usersListUtils.test.js",
              "file": "\\test\\usersListUtils.test.js",
              "beforeHooks": [],
              "afterHooks": [],
              "tests": [
                {
                  "title": "фильтрует пользователей по возрасту",
                  "fullTitle": "Users List Utils filterUsersByAge фильтрует пользователей по возрасту",
                  "timedOut": false,
                  "duration": 1,
                  "state": "passed",
                  "speed": "fast",
                  "pass": true,
                  "fail": false,
                  "pending": false,
                  "context": null,
                  "code": "const result = filterUsersByAge(users, 25);\nexpect(result.length).to.equal(2);",
                  "err": {},
                  "uuid": "611df323-3171-485b-8e17-6f7058404e63",
                  "parentUUID": "475cf48e-f8d0-4a7d-af49-3eccbc7aebaa",
                  "isHook": false,
                  "skipped": false
                },
                {
                  "title": "ошибка, если не массив",
                  "fullTitle": "Users List Utils filterUsersByAge ошибка, если не массив",
                  "timedOut": false,
                  "duration": 1,
                  "state": "passed",
                  "speed": "fast",
                  "pass": true,
                  "fail": false,
                  "pending": false,
                  "context": null,
                  "code": "expect(() => filterUsersByAge(\"abc\", 25)).to.throw();",
                  "err": {},
                  "uuid": "768f40d0-23e9-4058-a9f6-ef232ae75936",
                  "parentUUID": "475cf48e-f8d0-4a7d-af49-3eccbc7aebaa",
                  "isHook": false,
                  "skipped": false
                }
              ],
              "suites": [],
              "passes": [
                "611df323-3171-485b-8e17-6f7058404e63",
                "768f40d0-23e9-4058-a9f6-ef232ae75936"
              ],
              "failures": [],
              "pending": [],
              "skipped": [],
              "duration": 2,
              "root": false,
              "rootEmpty": false,
              "_timeout": 2000
            },
            {
              "uuid": "f89edd20-f0f0-4b2d-ae46-fbc64d909d26",
              "title": "sortUsersByName",
              "fullFile": "C:\\Юнит Тестинг\\unit-tests-practice\\test\\usersListUtils.test.js",
              "file": "\\test\\usersListUtils.test.js",
              "beforeHooks": [],
              "afterHooks": [],
              "tests": [
                {
                  "title": "сортирует по имени",
                  "fullTitle": "Users List Utils sortUsersByName сортирует по имени",
                  "timedOut": false,
                  "duration": 14,
                  "state": "passed",
                  "speed": "fast",
                  "pass": true,
                  "fail": false,
                  "pending": false,
                  "context": null,
                  "code": "const result = sortUsersByName([...users]);\nexpect(result[0].name).to.equal(\"Alice\");",
                  "err": {},
                  "uuid": "ccf80662-471e-4733-ba5b-c4d85278d333",
                  "parentUUID": "f89edd20-f0f0-4b2d-ae46-fbc64d909d26",
                  "isHook": false,
                  "skipped": false
                }
              ],
              "suites": [],
              "passes": [
                "ccf80662-471e-4733-ba5b-c4d85278d333"
              ],
              "failures": [],
              "pending": [],
              "skipped": [],
              "duration": 14,
              "root": false,
              "rootEmpty": false,
              "_timeout": 2000
            },
            {
              "uuid": "59e9d429-a476-4543-849f-a2dd16cd43c6",
              "title": "findUserById",
              "fullFile": "C:\\Юнит Тестинг\\unit-tests-practice\\test\\usersListUtils.test.js",
              "file": "\\test\\usersListUtils.test.js",
              "beforeHooks": [],
              "afterHooks": [],
              "tests": [
                {
                  "title": "находит пользователя по id",
                  "fullTitle": "Users List Utils findUserById находит пользователя по id",
                  "timedOut": false,
                  "duration": 0,
                  "state": "passed",
                  "speed": "fast",
                  "pass": true,
                  "fail": false,
                  "pending": false,
                  "context": null,
                  "code": "const result = findUserById(users, 2);\nexpect(result.name).to.equal(\"Bob\");",
                  "err": {},
                  "uuid": "b14d014e-d63f-45e5-b6a3-6f46f0030f4f",
                  "parentUUID": "59e9d429-a476-4543-849f-a2dd16cd43c6",
                  "isHook": false,
                  "skipped": false
                }
              ],
              "suites": [],
              "passes": [
                "b14d014e-d63f-45e5-b6a3-6f46f0030f4f"
              ],
              "failures": [],
              "pending": [],
              "skipped": [],
              "duration": 0,
              "root": false,
              "rootEmpty": false,
              "_timeout": 2000
            },
            {
              "uuid": "a0632fbb-54ad-48dd-b4d4-a3eb2c7bba3a",
              "title": "isEmailTaken",
              "fullFile": "C:\\Юнит Тестинг\\unit-tests-practice\\test\\usersListUtils.test.js",
              "file": "\\test\\usersListUtils.test.js",
              "beforeHooks": [],
              "afterHooks": [],
              "tests": [
                {
                  "title": "проверяет, существует ли email",
                  "fullTitle": "Users List Utils isEmailTaken проверяет, существует ли email",
                  "timedOut": false,
                  "duration": 0,
                  "state": "passed",
                  "speed": "fast",
                  "pass": true,
                  "fail": false,
                  "pending": false,
                  "context": null,
                  "code": "expect(isEmailTaken(users, \"bob@mail.com\")).to.be.true;",
                  "err": {},
                  "uuid": "d7d1ce64-74fa-4410-b59f-38a6233dfab0",
                  "parentUUID": "a0632fbb-54ad-48dd-b4d4-a3eb2c7bba3a",
                  "isHook": false,
                  "skipped": false
                },
                {
                  "title": "false если email не найден",
                  "fullTitle": "Users List Utils isEmailTaken false если email не найден",
                  "timedOut": false,
                  "duration": 0,
                  "state": "passed",
                  "speed": "fast",
                  "pass": true,
                  "fail": false,
                  "pending": false,
                  "context": null,
                  "code": "expect(isEmailTaken(users, \"no@mail.com\")).to.be.false;",
                  "err": {},
                  "uuid": "8ba87cf0-2420-4209-8900-d490e0fe9d2e",
                  "parentUUID": "a0632fbb-54ad-48dd-b4d4-a3eb2c7bba3a",
                  "isHook": false,
                  "skipped": false
                }
              ],
              "suites": [],
              "passes": [
                "d7d1ce64-74fa-4410-b59f-38a6233dfab0",
                "8ba87cf0-2420-4209-8900-d490e0fe9d2e"
              ],
              "failures": [],
              "pending": [],
              "skipped": [],
              "duration": 0,
              "root": false,
              "rootEmpty": false,
              "_timeout": 2000
            }
          ],
          "passes": [],
          "failures": [],
          "pending": [],
          "skipped": [],
          "duration": 0,
          "root": false,
          "rootEmpty": false,
          "_timeout": 2000
        }
      ],
      "passes": [],
      "failures": [],
      "pending": [],
      "skipped": [],
      "duration": 0,
      "root": true,
      "rootEmpty": true,
      "_timeout": 2000
    }
  ],
  "meta": {
    "mocha": {
      "version": "11.1.0"
    },
    "mochawesome": {
      "options": {
        "quiet": false,
        "reportFilename": "mochawesome",
        "saveHtml": true,
        "saveJson": true,
        "consoleReporter": "spec",
        "useInlineDiffs": false,
        "code": true
      },
      "version": "7.1.3"
    },
    "marge": {
      "options": null,
      "version": "6.2.0"
    }
  }
}