{
  "stats": {
    "suites": 20,
    "tests": 27,
    "passes": 27,
    "pending": 0,
    "failures": 0,
    "start": "2025-04-17T22:11:45.657Z",
    "end": "2025-04-17T22:11:45.724Z",
    "duration": 67,
    "testsRegistered": 27,
    "passPercent": 100,
    "pendingPercent": 0,
    "other": 0,
    "hasOther": false,
    "skipped": 0,
    "hasSkipped": false
  },
  "results": [
    {
      "uuid": "f4656303-240d-4988-87b5-f99f2fdd6d0a",
      "title": "",
      "fullFile": "",
      "file": "",
      "beforeHooks": [],
      "afterHooks": [],
      "tests": [],
      "suites": [
        {
          "uuid": "8a5f8a1c-21fb-4274-9a12-2328b6b41c73",
          "title": "Array Utils",
          "fullFile": "C:\\Юнит Тестинг\\unit-tests-practice\\test\\arrayUtils.test.js",
          "file": "\\test\\arrayUtils.test.js",
          "beforeHooks": [],
          "afterHooks": [],
          "tests": [],
          "suites": [
            {
              "uuid": "f9e3eb6f-497e-43a5-a89e-175db2a9e05b",
              "title": "findMax",
              "fullFile": "C:\\Юнит Тестинг\\unit-tests-practice\\test\\arrayUtils.test.js",
              "file": "\\test\\arrayUtils.test.js",
              "beforeHooks": [],
              "afterHooks": [],
              "tests": [
                {
                  "title": "returns the maximum number from an array",
                  "fullTitle": "Array Utils findMax returns the maximum number from an array",
                  "timedOut": false,
                  "duration": 0,
                  "state": "passed",
                  "speed": "fast",
                  "pass": true,
                  "fail": false,
                  "pending": false,
                  "context": null,
                  "code": "expect(findMax([1, 5, 3])).to.equal(5);",
                  "err": {},
                  "uuid": "fcb2ed5f-1742-44da-a931-f3942cf33920",
                  "parentUUID": "f9e3eb6f-497e-43a5-a89e-175db2a9e05b",
                  "isHook": false,
                  "skipped": false
                },
                {
                  "title": "throws an error if input is not an array",
                  "fullTitle": "Array Utils findMax throws an error if input is not an array",
                  "timedOut": false,
                  "duration": 1,
                  "state": "passed",
                  "speed": "fast",
                  "pass": true,
                  "fail": false,
                  "pending": false,
                  "context": null,
                  "code": "expect(() => findMax(\"abc\")).to.throw(\"Input must be an array\");",
                  "err": {},
                  "uuid": "35cece90-ed72-4b1a-988c-7abaf9c0c3f1",
                  "parentUUID": "f9e3eb6f-497e-43a5-a89e-175db2a9e05b",
                  "isHook": false,
                  "skipped": false
                }
              ],
              "suites": [],
              "passes": [
                "fcb2ed5f-1742-44da-a931-f3942cf33920",
                "35cece90-ed72-4b1a-988c-7abaf9c0c3f1"
              ],
              "failures": [],
              "pending": [],
              "skipped": [],
              "duration": 1,
              "root": false,
              "rootEmpty": false,
              "_timeout": 2000
            },
            {
              "uuid": "2c234651-e788-469c-9d27-19175ee1247c",
              "title": "findMin",
              "fullFile": "C:\\Юнит Тестинг\\unit-tests-practice\\test\\arrayUtils.test.js",
              "file": "\\test\\arrayUtils.test.js",
              "beforeHooks": [],
              "afterHooks": [],
              "tests": [
                {
                  "title": "returns the minimum number from an array",
                  "fullTitle": "Array Utils findMin returns the minimum number from an array",
                  "timedOut": false,
                  "duration": 1,
                  "state": "passed",
                  "speed": "fast",
                  "pass": true,
                  "fail": false,
                  "pending": false,
                  "context": null,
                  "code": "expect(findMin([2, -4, 10])).to.equal(-4);",
                  "err": {},
                  "uuid": "fb8a6acb-8731-427f-9d15-7db8a95ee363",
                  "parentUUID": "2c234651-e788-469c-9d27-19175ee1247c",
                  "isHook": false,
                  "skipped": false
                }
              ],
              "suites": [],
              "passes": [
                "fb8a6acb-8731-427f-9d15-7db8a95ee363"
              ],
              "failures": [],
              "pending": [],
              "skipped": [],
              "duration": 1,
              "root": false,
              "rootEmpty": false,
              "_timeout": 2000
            },
            {
              "uuid": "a886157b-c4be-4f82-a06f-087687c8b5a3",
              "title": "removeDuplicates",
              "fullFile": "C:\\Юнит Тестинг\\unit-tests-practice\\test\\arrayUtils.test.js",
              "file": "\\test\\arrayUtils.test.js",
              "beforeHooks": [],
              "afterHooks": [],
              "tests": [
                {
                  "title": "removes duplicate values from an array",
                  "fullTitle": "Array Utils removeDuplicates removes duplicate values from an array",
                  "timedOut": false,
                  "duration": 1,
                  "state": "passed",
                  "speed": "fast",
                  "pass": true,
                  "fail": false,
                  "pending": false,
                  "context": null,
                  "code": "expect(removeDuplicates([1, 2, 2, 3])).to.deep.equal([1, 2, 3]);",
                  "err": {},
                  "uuid": "0ac64cc7-c9f5-4be2-a2cf-defffb40a95b",
                  "parentUUID": "a886157b-c4be-4f82-a06f-087687c8b5a3",
                  "isHook": false,
                  "skipped": false
                }
              ],
              "suites": [],
              "passes": [
                "0ac64cc7-c9f5-4be2-a2cf-defffb40a95b"
              ],
              "failures": [],
              "pending": [],
              "skipped": [],
              "duration": 1,
              "root": false,
              "rootEmpty": false,
              "_timeout": 2000
            }
          ],
          "passes": [],
          "failures": [],
          "pending": [],
          "skipped": [],
          "duration": 0,
          "root": false,
          "rootEmpty": false,
          "_timeout": 2000
        },
        {
          "uuid": "4514dfb5-3546-4cfb-afef-417875c2dd3d",
          "title": "Math Utils",
          "fullFile": "C:\\Юнит Тестинг\\unit-tests-practice\\test\\mathUtils.test.js",
          "file": "\\test\\mathUtils.test.js",
          "beforeHooks": [],
          "afterHooks": [],
          "tests": [],
          "suites": [
            {
              "uuid": "bcbd5cf1-7736-4493-a5f5-9a5212a36a4f",
              "title": "add",
              "fullFile": "C:\\Юнит Тестинг\\unit-tests-practice\\test\\mathUtils.test.js",
              "file": "\\test\\mathUtils.test.js",
              "beforeHooks": [],
              "afterHooks": [],
              "tests": [
                {
                  "title": "returns the sum of two numbers",
                  "fullTitle": "Math Utils add returns the sum of two numbers",
                  "timedOut": false,
                  "duration": 0,
                  "state": "passed",
                  "speed": "fast",
                  "pass": true,
                  "fail": false,
                  "pending": false,
                  "context": null,
                  "code": "expect(add(2, 3)).to.equal(5);",
                  "err": {},
                  "uuid": "a17576d0-640d-45d8-9be1-4ab4e5d0291e",
                  "parentUUID": "bcbd5cf1-7736-4493-a5f5-9a5212a36a4f",
                  "isHook": false,
                  "skipped": false
                },
                {
                  "title": "works with negative numbers",
                  "fullTitle": "Math Utils add works with negative numbers",
                  "timedOut": false,
                  "duration": 1,
                  "state": "passed",
                  "speed": "fast",
                  "pass": true,
                  "fail": false,
                  "pending": false,
                  "context": null,
                  "code": "expect(add(-1, -2)).to.equal(-3);",
                  "err": {},
                  "uuid": "75bae914-7577-4c73-9f4d-72e75f12809d",
                  "parentUUID": "bcbd5cf1-7736-4493-a5f5-9a5212a36a4f",
                  "isHook": false,
                  "skipped": false
                }
              ],
              "suites": [],
              "passes": [
                "a17576d0-640d-45d8-9be1-4ab4e5d0291e",
                "75bae914-7577-4c73-9f4d-72e75f12809d"
              ],
              "failures": [],
              "pending": [],
              "skipped": [],
              "duration": 1,
              "root": false,
              "rootEmpty": false,
              "_timeout": 2000
            },
            {
              "uuid": "b1938e96-d76a-40da-acb3-acf4a4fe657d",
              "title": "subtract",
              "fullFile": "C:\\Юнит Тестинг\\unit-tests-practice\\test\\mathUtils.test.js",
              "file": "\\test\\mathUtils.test.js",
              "beforeHooks": [],
              "afterHooks": [],
              "tests": [
                {
                  "title": "returns the difference of two numbers",
                  "fullTitle": "Math Utils subtract returns the difference of two numbers",
                  "timedOut": false,
                  "duration": 1,
                  "state": "passed",
                  "speed": "fast",
                  "pass": true,
                  "fail": false,
                  "pending": false,
                  "context": null,
                  "code": "expect(subtract(5, 2)).to.equal(3);",
                  "err": {},
                  "uuid": "3a324793-27cb-40a3-bff0-b53ca45cb100",
                  "parentUUID": "b1938e96-d76a-40da-acb3-acf4a4fe657d",
                  "isHook": false,
                  "skipped": false
                }
              ],
              "suites": [],
              "passes": [
                "3a324793-27cb-40a3-bff0-b53ca45cb100"
              ],
              "failures": [],
              "pending": [],
              "skipped": [],
              "duration": 1,
              "root": false,
              "rootEmpty": false,
              "_timeout": 2000
            },
            {
              "uuid": "68887cf1-4627-4da4-8d28-e609d441c323",
              "title": "multiply",
              "fullFile": "C:\\Юнит Тестинг\\unit-tests-practice\\test\\mathUtils.test.js",
              "file": "\\test\\mathUtils.test.js",
              "beforeHooks": [],
              "afterHooks": [],
              "tests": [
                {
                  "title": "returns the product of two numbers",
                  "fullTitle": "Math Utils multiply returns the product of two numbers",
                  "timedOut": false,
                  "duration": 1,
                  "state": "passed",
                  "speed": "fast",
                  "pass": true,
                  "fail": false,
                  "pending": false,
                  "context": null,
                  "code": "expect(multiply(3, 4)).to.equal(12);",
                  "err": {},
                  "uuid": "c0aff9d3-b227-4b41-bf4b-bbf85d0aa7a6",
                  "parentUUID": "68887cf1-4627-4da4-8d28-e609d441c323",
                  "isHook": false,
                  "skipped": false
                }
              ],
              "suites": [],
              "passes": [
                "c0aff9d3-b227-4b41-bf4b-bbf85d0aa7a6"
              ],
              "failures": [],
              "pending": [],
              "skipped": [],
              "duration": 1,
              "root": false,
              "rootEmpty": false,
              "_timeout": 2000
            },
            {
              "uuid": "727a9829-c566-41b9-bb54-ac19fda68532",
              "title": "divide",
              "fullFile": "C:\\Юнит Тестинг\\unit-tests-practice\\test\\mathUtils.test.js",
              "file": "\\test\\mathUtils.test.js",
              "beforeHooks": [],
              "afterHooks": [],
              "tests": [
                {
                  "title": "returns the result of division",
                  "fullTitle": "Math Utils divide returns the result of division",
                  "timedOut": false,
                  "duration": 0,
                  "state": "passed",
                  "speed": "fast",
                  "pass": true,
                  "fail": false,
                  "pending": false,
                  "context": null,
                  "code": "expect(divide(10, 2)).to.equal(5);",
                  "err": {},
                  "uuid": "b1549d04-3f27-41db-bef6-303e20b21b03",
                  "parentUUID": "727a9829-c566-41b9-bb54-ac19fda68532",
                  "isHook": false,
                  "skipped": false
                },
                {
                  "title": "throws an error when dividing by zero",
                  "fullTitle": "Math Utils divide throws an error when dividing by zero",
                  "timedOut": false,
                  "duration": 0,
                  "state": "passed",
                  "speed": "fast",
                  "pass": true,
                  "fail": false,
                  "pending": false,
                  "context": null,
                  "code": "expect(() => divide(5, 0)).to.throw(\"Cannot divide by zero\");",
                  "err": {},
                  "uuid": "db1b7ce2-7c6b-4afb-a70d-ad168c8162ec",
                  "parentUUID": "727a9829-c566-41b9-bb54-ac19fda68532",
                  "isHook": false,
                  "skipped": false
                }
              ],
              "suites": [],
              "passes": [
                "b1549d04-3f27-41db-bef6-303e20b21b03",
                "db1b7ce2-7c6b-4afb-a70d-ad168c8162ec"
              ],
              "failures": [],
              "pending": [],
              "skipped": [],
              "duration": 0,
              "root": false,
              "rootEmpty": false,
              "_timeout": 2000
            }
          ],
          "passes": [],
          "failures": [],
          "pending": [],
          "skipped": [],
          "duration": 0,
          "root": false,
          "rootEmpty": false,
          "_timeout": 2000
        },
        {
          "uuid": "28929088-3f07-4a44-afb8-cf5136e77f01",
          "title": "String Utils",
          "fullFile": "C:\\Юнит Тестинг\\unit-tests-practice\\test\\stringUtils.test.js",
          "file": "\\test\\stringUtils.test.js",
          "beforeHooks": [],
          "afterHooks": [],
          "tests": [],
          "suites": [
            {
              "uuid": "8a28b7b7-1f52-4804-966d-a52242a620ee",
              "title": "capitalize",
              "fullFile": "C:\\Юнит Тестинг\\unit-tests-practice\\test\\stringUtils.test.js",
              "file": "\\test\\stringUtils.test.js",
              "beforeHooks": [],
              "afterHooks": [],
              "tests": [
                {
                  "title": "capitalizes the first letter",
                  "fullTitle": "String Utils capitalize capitalizes the first letter",
                  "timedOut": false,
                  "duration": 1,
                  "state": "passed",
                  "speed": "fast",
                  "pass": true,
                  "fail": false,
                  "pending": false,
                  "context": null,
                  "code": "expect(capitalize(\"hello\")).to.equal(\"Hello\");",
                  "err": {},
                  "uuid": "2fe4d85b-1527-412d-bcaf-3d5c758aff47",
                  "parentUUID": "8a28b7b7-1f52-4804-966d-a52242a620ee",
                  "isHook": false,
                  "skipped": false
                },
                {
                  "title": "throws error if input is not a string",
                  "fullTitle": "String Utils capitalize throws error if input is not a string",
                  "timedOut": false,
                  "duration": 1,
                  "state": "passed",
                  "speed": "fast",
                  "pass": true,
                  "fail": false,
                  "pending": false,
                  "context": null,
                  "code": "expect(() => capitalize(123)).to.throw(\"Input must be a string\");",
                  "err": {},
                  "uuid": "380fcf8b-a259-4357-88a7-ce8fa1c6e865",
                  "parentUUID": "8a28b7b7-1f52-4804-966d-a52242a620ee",
                  "isHook": false,
                  "skipped": false
                }
              ],
              "suites": [],
              "passes": [
                "2fe4d85b-1527-412d-bcaf-3d5c758aff47",
                "380fcf8b-a259-4357-88a7-ce8fa1c6e865"
              ],
              "failures": [],
              "pending": [],
              "skipped": [],
              "duration": 2,
              "root": false,
              "rootEmpty": false,
              "_timeout": 2000
            },
            {
              "uuid": "16dd78df-f2c7-4f05-97d3-aeb3c1843611",
              "title": "reverseString",
              "fullFile": "C:\\Юнит Тестинг\\unit-tests-practice\\test\\stringUtils.test.js",
              "file": "\\test\\stringUtils.test.js",
              "beforeHooks": [],
              "afterHooks": [],
              "tests": [
                {
                  "title": "reverses a string",
                  "fullTitle": "String Utils reverseString reverses a string",
                  "timedOut": false,
                  "duration": 0,
                  "state": "passed",
                  "speed": "fast",
                  "pass": true,
                  "fail": false,
                  "pending": false,
                  "context": null,
                  "code": "expect(reverseString(\"abc\")).to.equal(\"cba\");",
                  "err": {},
                  "uuid": "d5dd6674-9e47-4281-90b1-37bcb499ceca",
                  "parentUUID": "16dd78df-f2c7-4f05-97d3-aeb3c1843611",
                  "isHook": false,
                  "skipped": false
                },
                {
                  "title": "throws error if input is not a string",
                  "fullTitle": "String Utils reverseString throws error if input is not a string",
                  "timedOut": false,
                  "duration": 0,
                  "state": "passed",
                  "speed": "fast",
                  "pass": true,
                  "fail": false,
                  "pending": false,
                  "context": null,
                  "code": "expect(() => reverseString(null)).to.throw(\"Input must be a string\");",
                  "err": {},
                  "uuid": "94f9595d-04c0-473d-8a2f-2e8a9b9a87f6",
                  "parentUUID": "16dd78df-f2c7-4f05-97d3-aeb3c1843611",
                  "isHook": false,
                  "skipped": false
                }
              ],
              "suites": [],
              "passes": [
                "d5dd6674-9e47-4281-90b1-37bcb499ceca",
                "94f9595d-04c0-473d-8a2f-2e8a9b9a87f6"
              ],
              "failures": [],
              "pending": [],
              "skipped": [],
              "duration": 0,
              "root": false,
              "rootEmpty": false,
              "_timeout": 2000
            },
            {
              "uuid": "095ca005-8ee9-4885-ae06-c7ec44ae51c2",
              "title": "isPalindrome",
              "fullFile": "C:\\Юнит Тестинг\\unit-tests-practice\\test\\stringUtils.test.js",
              "file": "\\test\\stringUtils.test.js",
              "beforeHooks": [],
              "afterHooks": [],
              "tests": [
                {
                  "title": "returns true for a palindrome",
                  "fullTitle": "String Utils isPalindrome returns true for a palindrome",
                  "timedOut": false,
                  "duration": 1,
                  "state": "passed",
                  "speed": "fast",
                  "pass": true,
                  "fail": false,
                  "pending": false,
                  "context": null,
                  "code": "expect(isPalindrome(\"madam\")).to.be.true;",
                  "err": {},
                  "uuid": "36e0d624-ff78-4123-b517-faf4fda36d4b",
                  "parentUUID": "095ca005-8ee9-4885-ae06-c7ec44ae51c2",
                  "isHook": false,
                  "skipped": false
                },
                {
                  "title": "returns false for a non-palindrome",
                  "fullTitle": "String Utils isPalindrome returns false for a non-palindrome",
                  "timedOut": false,
                  "duration": 0,
                  "state": "passed",
                  "speed": "fast",
                  "pass": true,
                  "fail": false,
                  "pending": false,
                  "context": null,
                  "code": "expect(isPalindrome(\"hello\")).to.be.false;",
                  "err": {},
                  "uuid": "1c8fc356-9557-4186-96da-9f91c4f20817",
                  "parentUUID": "095ca005-8ee9-4885-ae06-c7ec44ae51c2",
                  "isHook": false,
                  "skipped": false
                },
                {
                  "title": "throws error if input is not a string",
                  "fullTitle": "String Utils isPalindrome throws error if input is not a string",
                  "timedOut": false,
                  "duration": 1,
                  "state": "passed",
                  "speed": "fast",
                  "pass": true,
                  "fail": false,
                  "pending": false,
                  "context": null,
                  "code": "expect(() => isPalindrome({})).to.throw(\"Input must be a string\");",
                  "err": {},
                  "uuid": "8c4fa998-452d-4b8f-b9a2-7f6e74c00e89",
                  "parentUUID": "095ca005-8ee9-4885-ae06-c7ec44ae51c2",
                  "isHook": false,
                  "skipped": false
                }
              ],
              "suites": [],
              "passes": [
                "36e0d624-ff78-4123-b517-faf4fda36d4b",
                "1c8fc356-9557-4186-96da-9f91c4f20817",
                "8c4fa998-452d-4b8f-b9a2-7f6e74c00e89"
              ],
              "failures": [],
              "pending": [],
              "skipped": [],
              "duration": 2,
              "root": false,
              "rootEmpty": false,
              "_timeout": 2000
            }
          ],
          "passes": [],
          "failures": [],
          "pending": [],
          "skipped": [],
          "duration": 0,
          "root": false,
          "rootEmpty": false,
          "_timeout": 2000
        },
        {
          "uuid": "f3a7c58f-94af-4d86-ba64-65c2fd9447a3",
          "title": "Student Knowledge Checker",
          "fullFile": "C:\\Юнит Тестинг\\unit-tests-practice\\test\\studentKnowledgeChecker.test.js",
          "file": "\\test\\studentKnowledgeChecker.test.js",
          "beforeHooks": [],
          "afterHooks": [],
          "tests": [],
          "suites": [
            {
              "uuid": "bfdc8f38-bec0-4f1a-884b-9e3acd4bc36d",
              "title": "checkStudentKnowledge",
              "fullFile": "C:\\Юнит Тестинг\\unit-tests-practice\\test\\studentKnowledgeChecker.test.js",
              "file": "\\test\\studentKnowledgeChecker.test.js",
              "beforeHooks": [],
              "afterHooks": [],
              "tests": [
                {
                  "title": "returns true if all answers are correct",
                  "fullTitle": "Student Knowledge Checker checkStudentKnowledge returns true if all answers are correct",
                  "timedOut": false,
                  "duration": 0,
                  "state": "passed",
                  "speed": "fast",
                  "pass": true,
                  "fail": false,
                  "pending": false,
                  "context": null,
                  "code": "const student = { q1: \"a\", q2: \"b\" };\nconst correct = { q1: \"a\", q2: \"b\" };\nexpect(checkStudentKnowledge(student, correct)).to.be.true;",
                  "err": {},
                  "uuid": "5344b845-d971-41fe-903d-60704a56ac13",
                  "parentUUID": "bfdc8f38-bec0-4f1a-884b-9e3acd4bc36d",
                  "isHook": false,
                  "skipped": false
                },
                {
                  "title": "returns false if any answer is wrong",
                  "fullTitle": "Student Knowledge Checker checkStudentKnowledge returns false if any answer is wrong",
                  "timedOut": false,
                  "duration": 0,
                  "state": "passed",
                  "speed": "fast",
                  "pass": true,
                  "fail": false,
                  "pending": false,
                  "context": null,
                  "code": "const student = { q1: \"a\", q2: \"wrong\" };\nconst correct = { q1: \"a\", q2: \"b\" };\nexpect(checkStudentKnowledge(student, correct)).to.be.false;",
                  "err": {},
                  "uuid": "66eafdaa-678c-42dc-bde3-5da95ad080ed",
                  "parentUUID": "bfdc8f38-bec0-4f1a-884b-9e3acd4bc36d",
                  "isHook": false,
                  "skipped": false
                },
                {
                  "title": "returns false if key order differs",
                  "fullTitle": "Student Knowledge Checker checkStudentKnowledge returns false if key order differs",
                  "timedOut": false,
                  "duration": 0,
                  "state": "passed",
                  "speed": "fast",
                  "pass": true,
                  "fail": false,
                  "pending": false,
                  "context": null,
                  "code": "const student = { q2: \"b\", q1: \"a\" };\nconst correct = { q1: \"a\", q2: \"b\" };\nexpect(checkStudentKnowledge(student, correct)).to.be.false;",
                  "err": {},
                  "uuid": "443fc244-df6b-4e30-9938-bbbf88ebe7f6",
                  "parentUUID": "bfdc8f38-bec0-4f1a-884b-9e3acd4bc36d",
                  "isHook": false,
                  "skipped": false
                },
                {
                  "title": "returns false if number of keys differs",
                  "fullTitle": "Student Knowledge Checker checkStudentKnowledge returns false if number of keys differs",
                  "timedOut": false,
                  "duration": 1,
                  "state": "passed",
                  "speed": "fast",
                  "pass": true,
                  "fail": false,
                  "pending": false,
                  "context": null,
                  "code": "const student = { q1: \"a\" };\nconst correct = { q1: \"a\", q2: \"b\" };\nexpect(checkStudentKnowledge(student, correct)).to.be.false;",
                  "err": {},
                  "uuid": "cfd455fe-06fc-4314-b7c1-7cf90c6675a1",
                  "parentUUID": "bfdc8f38-bec0-4f1a-884b-9e3acd4bc36d",
                  "isHook": false,
                  "skipped": false
                }
              ],
              "suites": [],
              "passes": [
                "5344b845-d971-41fe-903d-60704a56ac13",
                "66eafdaa-678c-42dc-bde3-5da95ad080ed",
                "443fc244-df6b-4e30-9938-bbbf88ebe7f6",
                "cfd455fe-06fc-4314-b7c1-7cf90c6675a1"
              ],
              "failures": [],
              "pending": [],
              "skipped": [],
              "duration": 1,
              "root": false,
              "rootEmpty": false,
              "_timeout": 2000
            }
          ],
          "passes": [],
          "failures": [],
          "pending": [],
          "skipped": [],
          "duration": 0,
          "root": false,
          "rootEmpty": false,
          "_timeout": 2000
        },
        {
          "uuid": "03923f86-5133-412d-a84b-d22e9cd5762c",
          "title": "Users List Utils",
          "fullFile": "C:\\Юнит Тестинг\\unit-tests-practice\\test\\usersListUtils.test.js",
          "file": "\\test\\usersListUtils.test.js",
          "beforeHooks": [],
          "afterHooks": [],
          "tests": [],
          "suites": [
            {
              "uuid": "6e8420ac-5a04-40e2-871c-5b8a26aeee94",
              "title": "filterUsersByAge",
              "fullFile": "C:\\Юнит Тестинг\\unit-tests-practice\\test\\usersListUtils.test.js",
              "file": "\\test\\usersListUtils.test.js",
              "beforeHooks": [],
              "afterHooks": [],
              "tests": [
                {
                  "title": "filters users by age range",
                  "fullTitle": "Users List Utils filterUsersByAge filters users by age range",
                  "timedOut": false,
                  "duration": 1,
                  "state": "passed",
                  "speed": "fast",
                  "pass": true,
                  "fail": false,
                  "pending": false,
                  "context": null,
                  "code": "const result = filterUsersByAge(users, 21, 35);\nexpect(result.length).to.equal(2);",
                  "err": {},
                  "uuid": "f3e076b5-9066-47b3-9c11-95aade17c217",
                  "parentUUID": "6e8420ac-5a04-40e2-871c-5b8a26aeee94",
                  "isHook": false,
                  "skipped": false
                },
                {
                  "title": "throws an error if input is not an array",
                  "fullTitle": "Users List Utils filterUsersByAge throws an error if input is not an array",
                  "timedOut": false,
                  "duration": 0,
                  "state": "passed",
                  "speed": "fast",
                  "pass": true,
                  "fail": false,
                  "pending": false,
                  "context": null,
                  "code": "expect(() => filterUsersByAge(\"abc\", 25)).to.throw();",
                  "err": {},
                  "uuid": "36d22fe5-c1d9-4f21-be9a-682b4281fbb9",
                  "parentUUID": "6e8420ac-5a04-40e2-871c-5b8a26aeee94",
                  "isHook": false,
                  "skipped": false
                }
              ],
              "suites": [],
              "passes": [
                "f3e076b5-9066-47b3-9c11-95aade17c217",
                "36d22fe5-c1d9-4f21-be9a-682b4281fbb9"
              ],
              "failures": [],
              "pending": [],
              "skipped": [],
              "duration": 1,
              "root": false,
              "rootEmpty": false,
              "_timeout": 2000
            },
            {
              "uuid": "efdf1824-ea71-4316-8fe3-06fb42e8abb8",
              "title": "sortUsersByName",
              "fullFile": "C:\\Юнит Тестинг\\unit-tests-practice\\test\\usersListUtils.test.js",
              "file": "\\test\\usersListUtils.test.js",
              "beforeHooks": [],
              "afterHooks": [],
              "tests": [
                {
                  "title": "sorts users alphabetically by name",
                  "fullTitle": "Users List Utils sortUsersByName sorts users alphabetically by name",
                  "timedOut": false,
                  "duration": 15,
                  "state": "passed",
                  "speed": "fast",
                  "pass": true,
                  "fail": false,
                  "pending": false,
                  "context": null,
                  "code": "const result = sortUsersByName([...users]);\nexpect(result[0].name).to.equal(\"Alice\");",
                  "err": {},
                  "uuid": "ae3a513d-7803-4366-840e-c246ce64ece2",
                  "parentUUID": "efdf1824-ea71-4316-8fe3-06fb42e8abb8",
                  "isHook": false,
                  "skipped": false
                }
              ],
              "suites": [],
              "passes": [
                "ae3a513d-7803-4366-840e-c246ce64ece2"
              ],
              "failures": [],
              "pending": [],
              "skipped": [],
              "duration": 15,
              "root": false,
              "rootEmpty": false,
              "_timeout": 2000
            },
            {
              "uuid": "84617c7f-614c-4ac5-a26d-0805116573ab",
              "title": "findUserById",
              "fullFile": "C:\\Юнит Тестинг\\unit-tests-practice\\test\\usersListUtils.test.js",
              "file": "\\test\\usersListUtils.test.js",
              "beforeHooks": [],
              "afterHooks": [],
              "tests": [
                {
                  "title": "finds user by ID",
                  "fullTitle": "Users List Utils findUserById finds user by ID",
                  "timedOut": false,
                  "duration": 1,
                  "state": "passed",
                  "speed": "fast",
                  "pass": true,
                  "fail": false,
                  "pending": false,
                  "context": null,
                  "code": "const result = findUserById(users, 2);\nexpect(result.name).to.equal(\"Bob\");",
                  "err": {},
                  "uuid": "2fa3b7ab-54ee-4053-be0a-41838a230b1e",
                  "parentUUID": "84617c7f-614c-4ac5-a26d-0805116573ab",
                  "isHook": false,
                  "skipped": false
                }
              ],
              "suites": [],
              "passes": [
                "2fa3b7ab-54ee-4053-be0a-41838a230b1e"
              ],
              "failures": [],
              "pending": [],
              "skipped": [],
              "duration": 1,
              "root": false,
              "rootEmpty": false,
              "_timeout": 2000
            },
            {
              "uuid": "2a28e16c-2f22-46cf-8ff9-27508cc9e85e",
              "title": "isEmailTaken",
              "fullFile": "C:\\Юнит Тестинг\\unit-tests-practice\\test\\usersListUtils.test.js",
              "file": "\\test\\usersListUtils.test.js",
              "beforeHooks": [],
              "afterHooks": [],
              "tests": [
                {
                  "title": "returns true if email exists",
                  "fullTitle": "Users List Utils isEmailTaken returns true if email exists",
                  "timedOut": false,
                  "duration": 0,
                  "state": "passed",
                  "speed": "fast",
                  "pass": true,
                  "fail": false,
                  "pending": false,
                  "context": null,
                  "code": "expect(isEmailTaken(users, \"bob@mail.com\")).to.be.true;",
                  "err": {},
                  "uuid": "93ec10d4-c3fc-417b-b862-ebeeb6a110da",
                  "parentUUID": "2a28e16c-2f22-46cf-8ff9-27508cc9e85e",
                  "isHook": false,
                  "skipped": false
                },
                {
                  "title": "returns false if email not found",
                  "fullTitle": "Users List Utils isEmailTaken returns false if email not found",
                  "timedOut": false,
                  "duration": 0,
                  "state": "passed",
                  "speed": "fast",
                  "pass": true,
                  "fail": false,
                  "pending": false,
                  "context": null,
                  "code": "expect(isEmailTaken(users, \"no@mail.com\")).to.be.false;",
                  "err": {},
                  "uuid": "d016d2e8-be48-49b9-b546-286a516a6f8b",
                  "parentUUID": "2a28e16c-2f22-46cf-8ff9-27508cc9e85e",
                  "isHook": false,
                  "skipped": false
                }
              ],
              "suites": [],
              "passes": [
                "93ec10d4-c3fc-417b-b862-ebeeb6a110da",
                "d016d2e8-be48-49b9-b546-286a516a6f8b"
              ],
              "failures": [],
              "pending": [],
              "skipped": [],
              "duration": 0,
              "root": false,
              "rootEmpty": false,
              "_timeout": 2000
            }
          ],
          "passes": [],
          "failures": [],
          "pending": [],
          "skipped": [],
          "duration": 0,
          "root": false,
          "rootEmpty": false,
          "_timeout": 2000
        }
      ],
      "passes": [],
      "failures": [],
      "pending": [],
      "skipped": [],
      "duration": 0,
      "root": true,
      "rootEmpty": true,
      "_timeout": 2000
    }
  ],
  "meta": {
    "mocha": {
      "version": "11.1.0"
    },
    "mochawesome": {
      "options": {
        "quiet": false,
        "reportFilename": "mochawesome",
        "saveHtml": true,
        "saveJson": true,
        "consoleReporter": "spec",
        "useInlineDiffs": false,
        "code": true
      },
      "version": "7.1.3"
    },
    "marge": {
      "options": null,
      "version": "6.2.0"
    }
  }
}